d:\sdl_project\babaisyou\babaisyou\x64\debug\vc143.pdb
d:\sdl_project\babaisyou\babaisyou\x64\debug\vc143.idb
d:\sdl_project\babaisyou\babaisyou\x64\debug\wipetransition.obj
d:\sdl_project\babaisyou\babaisyou\x64\debug\vector2d.obj
d:\sdl_project\babaisyou\babaisyou\x64\debug\transformcomponent.obj
d:\sdl_project\babaisyou\babaisyou\x64\debug\tilecomponent.obj
d:\sdl_project\babaisyou\babaisyou\x64\debug\texturemanager.obj
d:\sdl_project\babaisyou\babaisyou\x64\debug\spritecomponent.obj
d:\sdl_project\babaisyou\babaisyou\x64\debug\menutilecomponent.obj
d:\sdl_project\babaisyou\babaisyou\x64\debug\menu.obj
d:\sdl_project\babaisyou\babaisyou\x64\debug\map.obj
d:\sdl_project\babaisyou\babaisyou\x64\debug\main.obj
d:\sdl_project\babaisyou\babaisyou\x64\debug\inputcomponent.obj
d:\sdl_project\babaisyou\babaisyou\x64\debug\game.obj
d:\sdl_project\babaisyou\babaisyou\x64\debug\entitymanager.obj
d:\sdl_project\babaisyou\babaisyou\x64\debug\entity.obj
d:\sdl_project\babaisyou\babaisyou\x64\debug\component.obj
d:\sdl_project\babaisyou\babaisyou\x64\debug\collisioncomponent.obj
d:\sdl_project\babaisyou\babaisyou\x64\debug\collision.obj
d:\sdl_project\babaisyou\babaisyou\x64\debug\assetmanager.obj
d:\sdl_project\babaisyou\babaisyou\x64\debug\animation.obj
d:\sdl_project\babaisyou\x64\debug\babaisyou.exe
d:\sdl_project\babaisyou\babaisyou\x64\debug\babaisyou.ilk
d:\sdl_project\babaisyou\x64\debug\babaisyou.pdb
d:\sdl_project\babaisyou\babaisyou\x64\debug\babaisyou.tlog\cl.command.1.tlog
d:\sdl_project\babaisyou\babaisyou\x64\debug\babaisyou.tlog\cl.read.1.tlog
d:\sdl_project\babaisyou\babaisyou\x64\debug\babaisyou.tlog\cl.write.1.tlog
d:\sdl_project\babaisyou\babaisyou\x64\debug\babaisyou.tlog\link.command.1.tlog
d:\sdl_project\babaisyou\babaisyou\x64\debug\babaisyou.tlog\link.read.1.tlog
d:\sdl_project\babaisyou\babaisyou\x64\debug\babaisyou.tlog\link.write.1.tlog
